  main.cpp
C:\Users\Ezechiele\Desktop\a.i.o programming\a.i.o cppProj\readSpeed\main.cpp(28,7): warning C4101: 'input': unreferenced local variable
C:\Users\Ezechiele\Desktop\a.i.o programming\a.i.o cppProj\readSpeed\main.cpp(44,58): warning C4267: 'argument': conversion from 'size_t' to '_Ty', possible loss of data
          with
          [
              _Ty=int
          ]
C:\Users\Ezechiele\Desktop\a.i.o programming\a.i.o cppProj\readSpeed\main.cpp(47,23): warning C4244: 'initializing': conversion from 'unsigned __int64' to 'float', possible loss of data
C:\Users\Ezechiele\Desktop\a.i.o programming\a.i.o cppProj\readSpeed\main.cpp(60,31): warning C4244: 'argument': conversion from 'float' to '_Ty', possible loss of data
          with
          [
              _Ty=int
          ]
C:\Users\Ezechiele\Desktop\a.i.o programming\a.i.o cppProj\readSpeed\main.cpp(61,45): warning C4244: 'argument': conversion from '_Rep' to '_Ty', possible loss of data
          with
          [
              _Rep=double
          ]
          and
          [
              _Ty=float
          ]
C:\Users\Ezechiele\Desktop\a.i.o programming\a.i.o cppProj\readSpeed\main.cpp(73,58): warning C4267: 'argument': conversion from 'size_t' to '_Ty', possible loss of data
          with
          [
              _Ty=int
          ]
C:\Users\Ezechiele\Desktop\a.i.o programming\a.i.o cppProj\readSpeed\main.cpp(76,23): warning C4244: 'initializing': conversion from 'unsigned __int64' to 'float', possible loss of data
  readSpeed.vcxproj -> C:\Users\Ezechiele\Desktop\a.i.o programming\a.i.o cppProj\readSpeed\x64\Debug\readSpeed.exe
